#
# There is insufficient memory for the Java Runtime Environment to continue.
# Native memory allocation (malloc) failed to allocate 1446016 bytes for Chunk::new
# Possible reasons:
#   The system is out of physical RAM or swap space
#   In 32 bit mode, the process size limit was hit
# Possible solutions:
#   Reduce memory load on the system
#   Increase physical memory or swap space
#   Check if swap backing store is full
#   Use 64 bit Java on a 64 bit OS
#   Decrease Java heap size (-Xmx/-Xms)
#   Decrease number of Java threads
#   Decrease Java thread stack sizes (-Xss)
#   Set larger code cache with -XX:ReservedCodeCacheSize=
# This output file may be truncated or incomplete.
#
#  Out of Memory Error (allocation.cpp:390), pid=6408, tid=0x000000000000205c
#
# JRE version: OpenJDK Runtime Environment (8.0_152-b02) (build 1.8.0_152-release-1024-b02)
# Java VM: OpenJDK 64-Bit Server VM (25.152-b02 mixed mode windows-amd64 compressed oops)
# Failed to write core dump. Minidumps are not enabled by default on client versions of Windows
#

---------------  T H R E A D  ---------------

Current thread (0x000000005741f000):  JavaThread "C2 CompilerThread1" daemon [_thread_in_native, id=8284, stack(0x0000000057e60000,0x0000000057f60000)]

Stack: [0x0000000057e60000,0x0000000057f60000]
[error occurred during error reporting (printing stack bounds), id 0xc0000005]

Native frames: (J=compiled Java code, j=interpreted, Vv=VM code, C=native code)


Current CompileTask:
C2:3346884 32160       4       org.codehaus.groovy.ast.ClassNode::getDeclaredMethodsMap (83 bytes)


---------------  P R O C E S S  ---------------

Java Threads: ( => current thread )
  0x0000000059800000 JavaThread "build operations Thread 4" [_thread_blocked, id=892, stack(0x0000000064b10000,0x0000000064c10000)]
  0x000000005b1ba800 JavaThread "build operations Thread 3" [_thread_blocked, id=10040, stack(0x0000000060010000,0x0000000060110000)]
  0x000000005b1b9000 JavaThread "build operations Thread 2" [_thread_blocked, id=9016, stack(0x0000000060400000,0x0000000060500000)]
  0x000000005b1be000 JavaThread "build operations" [_thread_blocked, id=6204, stack(0x00000000602f0000,0x00000000603f0000)]
  0x000000005b1b4000 JavaThread "Cache worker for Artifact transforms cache (C:\Users\Administrator\.gradle\caches\transforms-1)" [_thread_blocked, id=6820, stack(0x000000005e940000,0x000000005ea40000)]
  0x000000005b1bd000 JavaThread "Cache worker for file hash cache (F:\JK\WorkSpace\code\GymEquipment\.gradle\4.4\fileHashes)" [_thread_blocked, id=8876, stack(0x000000005fe80000,0x000000005ff80000)]
  0x000000005b1ba000 JavaThread "Stdin handler" [_thread_blocked, id=9412, stack(0x000000005cf00000,0x000000005d000000)]
  0x000000005b1c0000 JavaThread "Asynchronous log dispatcher for DefaultDaemonConnection: socket connection from /127.0.0.1:62867 to /127.0.0.1:63121" [_thread_blocked, id=8024, stack(0x000000005d000000,0x000000005d100000)]
  0x000000005b1b3000 JavaThread "Daemon worker Thread 8" [_thread_in_native, id=10056, stack(0x000000005a9c0000,0x000000005aac0000)]
  0x000000005b1b4800 JavaThread "Cancel handler" [_thread_blocked, id=10120, stack(0x0000000059c60000,0x0000000059d60000)]
  0x000000005b1b6000 JavaThread "Handler for socket connection from /127.0.0.1:62867 to /127.0.0.1:63121" [_thread_in_native, id=5236, stack(0x000000005a810000,0x000000005a910000)]
  0x000000005b1b7000 JavaThread "Daemon Thread 8" [_thread_blocked, id=8480, stack(0x000000005a310000,0x000000005a410000)]
  0x0000000058750000 JavaThread "Java2D Disposer" daemon [_thread_blocked, id=8852, stack(0x0000000068280000,0x0000000068380000)]
  0x000000005b1b8800 JavaThread "Memory manager" [_thread_blocked, id=8200, stack(0x00000000601b0000,0x00000000602b0000)]
  0x000000005b7ee000 JavaThread "File lock request listener" [_thread_in_native, id=9320, stack(0x000000005ce00000,0x000000005cf00000)]
  0x0000000058781000 JavaThread "Cache worker for file hash cache (C:\Users\Administrator\.gradle\caches\4.4\fileHashes)" [_thread_blocked, id=8252, stack(0x000000005a680000,0x000000005a780000)]
  0x0000000059265000 JavaThread "Daemon periodic checks" [_thread_blocked, id=9692, stack(0x000000005a110000,0x000000005a210000)]
  0x000000005925f000 JavaThread "Incoming local TCP Connector on port 62867" [_thread_in_native, id=9752, stack(0x0000000059f10000,0x000000005a010000)]
  0x0000000057499000 JavaThread "Service Thread" daemon [_thread_blocked, id=8728, stack(0x0000000058170000,0x0000000058270000)]
  0x0000000057472000 JavaThread "C1 CompilerThread2" daemon [_thread_blocked, id=9212, stack(0x0000000057f60000,0x0000000058060000)]
=>0x000000005741f000 JavaThread "C2 CompilerThread1" daemon [_thread_in_native, id=8284, stack(0x0000000057e60000,0x0000000057f60000)]
  0x000000005740b000 JavaThread "C2 CompilerThread0" daemon [_thread_blocked, id=6412, stack(0x0000000057c70000,0x0000000057d70000)]
  0x000000005740a000 JavaThread "Attach Listener" daemon [_thread_blocked, id=6644, stack(0x0000000057b60000,0x0000000057c60000)]
  0x0000000057409800 JavaThread "Signal Dispatcher" daemon [_thread_blocked, id=7068, stack(0x0000000057990000,0x0000000057a90000)]
  0x0000000056058000 JavaThread "Finalizer" daemon [_thread_blocked, id=7996, stack(0x0000000057300000,0x0000000057400000)]
  0x0000000056010800 JavaThread "Reference Handler" daemon [_thread_blocked, id=9300, stack(0x00000000571e0000,0x00000000572e0000)]
  0x000000000211e800 JavaThread "main" [_thread_blocked, id=9404, stack(0x00000000021d0000,0x00000000022d0000)]

Other Threads:
  0x0000000056009000 VMThread [stack: 0x0000000057040000,0x0000000057140000] [id=8776]
  0x000000005749b000 WatcherThread [stack: 0x0000000057830000,0x0000000057930000] [id=4540]

VM state:not at safepoint (normal execution)

VM Mutex/Monitor currently owned by a thread: None

Heap:
 PSYoungGen      total 390144K, used 82229K [0x00000000e0000000, 0x00000000ff980000, 0x0000000100000000)
  eden space 362496K, 15% used [0x00000000e0000000,0x00000000e35a3670,0x00000000f6200000)
  from space 27648K, 98% used [0x00000000f6200000,0x00000000f7caa178,0x00000000f7d00000)
  to   space 76288K, 0% used [0x00000000faf00000,0x00000000faf00000,0x00000000ff980000)
 ParOldGen       total 299008K, used 147787K [0x00000000a0000000, 0x00000000b2400000, 0x00000000e0000000)
  object space 299008K, 49% used [0x00000000a0000000,0x00000000a9052da8,0x00000000b2400000)
 Metaspace       used 117386K, capacity 125785K, committed 125912K, reserved 1159168K
  class space    used 14401K, capacity 16277K, committed 16384K, reserved 1048576K

Card table byte_map: [0x0000000011720000,0x0000000011a30000] byte_map_base: 0x0000000011220000

Marking Bits: (ParMarkBitMap*) 0x000000006c404970
 Begin Bits: [0x0000000012380000, 0x0000000013b80000)
 End Bits:   [0x0000000013b80000, 0x0000000015380000)

Polling page: 0x0000000000310000

CodeCache: size=245760Kb used=86840Kb max_used=87019Kb free=158919Kb
 bounds [0x0000000002360000, 0x00000000078e0000, 0x0000000011360000]
 total_blobs=24537 nmethods=23514 adapters=934
 compilation: enabled

Compilation events (10 events):
Event: 3346.127 Thread 0x0000000057472000 32156       3       org.codehaus.groovy.ast.ClassNode::isEnum (17 bytes)
Event: 3346.127 Thread 0x0000000057472000 nmethod 32156 0x0000000005833050 code [0x00000000058331e0, 0x0000000005833768]
Event: 3346.127 Thread 0x0000000057472000 32157       1       org.codehaus.groovy.ast.stmt.IfStatement::getElseBlock (5 bytes)
Event: 3346.127 Thread 0x0000000057472000 nmethod 32157 0x00000000073839d0 code [0x0000000007383b20, 0x0000000007383c30]
Event: 3346.127 Thread 0x0000000057472000 32155       1       org.codehaus.groovy.ast.ModuleNode::getUnit (5 bytes)
Event: 3346.127 Thread 0x0000000057472000 nmethod 32155 0x0000000002506790 code [0x00000000025068e0, 0x00000000025069f0]
Event: 3346.127 Thread 0x0000000057472000 32158       1       org.codehaus.groovy.ast.stmt.IfStatement::getIfBlock (5 bytes)
Event: 3346.127 Thread 0x0000000057472000 nmethod 32158 0x0000000005832d90 code [0x0000000005832ee0, 0x0000000005832ff0]
Event: 3346.128 Thread 0x0000000057472000 32161       1       org.codehaus.groovy.ast.stmt.IfStatement::getBooleanExpression (5 bytes)
Event: 3346.128 Thread 0x0000000057472000 nmethod 32161 0x0000000005832ad0 code [0x0000000005832c20, 0x0000000005832d30]

GC Heap History (10 events):
Event: 2246.811 GC heap before
{Heap before GC invocations=37 (full 6):
 PSYoungGen      total 439296K, used 398809K [0x00000000e0000000, 0x00000000ff800000, 0x0000000100000000)
  eden space 370688K, 100% used [0x00000000e0000000,0x00000000f6a00000,0x00000000f6a00000)
  from space 68608K, 40% used [0x00000000fb500000,0x00000000fd076608,0x00000000ff800000)
  to   space 72704K, 0% used [0x00000000f6a00000,0x00000000f6a00000,0x00000000fb100000)
 ParOldGen       total 299008K, used 142385K [0x00000000a0000000, 0x00000000b2400000, 0x00000000e0000000)
  object space 299008K, 47% used [0x00000000a0000000,0x00000000a8b0c568,0x00000000b2400000)
 Metaspace       used 114159K, capacity 120845K, committed 121176K, reserved 1155072K
  class space    used 14023K, capacity 15408K, committed 15488K, reserved 1048576K
Event: 2246.827 GC heap after
Heap after GC invocations=37 (full 6):
 PSYoungGen      total 443392K, used 10113K [0x00000000e0000000, 0x0000000100000000, 0x0000000100000000)
  eden space 370688K, 0% used [0x00000000e0000000,0x00000000e0000000,0x00000000f6a00000)
  from space 72704K, 13% used [0x00000000f6a00000,0x00000000f73e0428,0x00000000fb100000)
  to   space 71680K, 0% used [0x00000000fba00000,0x00000000fba00000,0x0000000100000000)
 ParOldGen       total 299008K, used 143237K [0x00000000a0000000, 0x00000000b2400000, 0x00000000e0000000)
  object space 299008K, 47% used [0x00000000a0000000,0x00000000a8be1598,0x00000000b2400000)
 Metaspace       used 114159K, capacity 120845K, committed 121176K, reserved 1155072K
  class space    used 14023K, capacity 15408K, committed 15488K, reserved 1048576K
}
Event: 2277.797 GC heap before
{Heap before GC invocations=38 (full 6):
 PSYoungGen      total 443392K, used 380801K [0x00000000e0000000, 0x0000000100000000, 0x0000000100000000)
  eden space 370688K, 100% used [0x00000000e0000000,0x00000000f6a00000,0x00000000f6a00000)
  from space 72704K, 13% used [0x00000000f6a00000,0x00000000f73e0428,0x00000000fb100000)
  to   space 71680K, 0% used [0x00000000fba00000,0x00000000fba00000,0x0000000100000000)
 ParOldGen       total 299008K, used 143237K [0x00000000a0000000, 0x00000000b2400000, 0x00000000e0000000)
  object space 299008K, 47% used [0x00000000a0000000,0x00000000a8be1598,0x00000000b2400000)
 Metaspace       used 114377K, capacity 121059K, committed 121176K, reserved 1155072K
  class space    used 14025K, capacity 15409K, committed 15488K, reserved 1048576K
Event: 2277.835 GC heap after
Heap after GC invocations=38 (full 6):
 PSYoungGen      total 449536K, used 38370K [0x00000000e0000000, 0x00000000ffe00000, 0x0000000100000000)
  eden space 379904K, 0% used [0x00000000e0000000,0x00000000e0000000,0x00000000f7300000)
  from space 69632K, 55% used [0x00000000fba00000,0x00000000fdf78950,0x00000000ffe00000)
  to   space 71168K, 0% used [0x00000000f7300000,0x00000000f7300000,0x00000000fb880000)
 ParOldGen       total 299008K, used 143469K [0x00000000a0000000, 0x00000000b2400000, 0x00000000e0000000)
  object space 299008K, 47% used [0x00000000a0000000,0x00000000a8c1b5a8,0x00000000b2400000)
 Metaspace       used 114377K, capacity 121059K, committed 121176K, reserved 1155072K
  class space    used 14025K, capacity 15409K, committed 15488K, reserved 1048576K
}
Event: 2289.308 GC heap before
{Heap before GC invocations=39 (full 6):
 PSYoungGen      total 449536K, used 418274K [0x00000000e0000000, 0x00000000ffe00000, 0x0000000100000000)
  eden space 379904K, 100% used [0x00000000e0000000,0x00000000f7300000,0x00000000f7300000)
  from space 69632K, 55% used [0x00000000fba00000,0x00000000fdf78950,0x00000000ffe00000)
  to   space 71168K, 0% used [0x00000000f7300000,0x00000000f7300000,0x00000000fb880000)
 ParOldGen       total 299008K, used 143469K [0x00000000a0000000, 0x00000000b2400000, 0x00000000e0000000)
  object space 299008K, 47% used [0x00000000a0000000,0x00000000a8c1b5a8,0x00000000b2400000)
 Metaspace       used 114536K, capacity 121219K, committed 121432K, reserved 1155072K
  class space    used 14029K, capacity 15415K, committed 15488K, reserved 1048576K
Event: 2289.415 GC heap after
Heap after GC invocations=39 (full 6):
 PSYoungGen      total 445952K, used 65712K [0x00000000e0000000, 0x0000000100000000, 0x0000000100000000)
  eden space 379904K, 0% used [0x00000000e0000000,0x00000000e0000000,0x00000000f7300000)
  from space 66048K, 99% used [0x00000000f7300000,0x00000000fb32c1b8,0x00000000fb380000)
  to   space 78336K, 0% used [0x00000000fb380000,0x00000000fb380000,0x0000000100000000)
 ParOldGen       total 299008K, used 146461K [0x00000000a0000000, 0x00000000b2400000, 0x00000000e0000000)
  object space 299008K, 48% used [0x00000000a0000000,0x00000000a8f075d8,0x00000000b2400000)
 Metaspace       used 114536K, capacity 121219K, committed 121432K, reserved 1155072K
  class space    used 14029K, capacity 15415K, committed 15488K, reserved 1048576K
}
Event: 2693.476 GC heap before
{Heap before GC invocations=40 (full 6):
 PSYoungGen      total 445952K, used 445616K [0x00000000e0000000, 0x0000000100000000, 0x0000000100000000)
  eden space 379904K, 100% used [0x00000000e0000000,0x00000000f7300000,0x00000000f7300000)
  from space 66048K, 99% used [0x00000000f7300000,0x00000000fb32c1b8,0x00000000fb380000)
  to   space 78336K, 0% used [0x00000000fb380000,0x00000000fb380000,0x0000000100000000)
 ParOldGen       total 299008K, used 146461K [0x00000000a0000000, 0x00000000b2400000, 0x00000000e0000000)
  object space 299008K, 48% used [0x00000000a0000000,0x00000000a8f075d8,0x00000000b2400000)
 Metaspace       used 115751K, capacity 123003K, committed 123224K, reserved 1157120K
  class space    used 14165K, capacity 15679K, committed 15744K, reserved 1048576K
Event: 2693.488 GC heap after
Heap after GC invocations=40 (full 6):
 PSYoungGen      total 440832K, used 2682K [0x00000000e0000000, 0x0000000100000000, 0x0000000100000000)
  eden space 362496K, 0% used [0x00000000e0000000,0x00000000e0000000,0x00000000f6200000)
  from space 78336K, 3% used [0x00000000fb380000,0x00000000fb61e960,0x0000000100000000)
  to   space 80896K, 0% used [0x00000000f6200000,0x00000000f6200000,0x00000000fb100000)
 ParOldGen       total 299008K, used 146621K [0x00000000a0000000, 0x00000000b2400000, 0x00000000e0000000)
  object space 299008K, 49% used [0x00000000a0000000,0x00000000a8f2f5e8,0x00000000b2400000)
 Metaspace       used 115751K, capacity 123003K, committed 123224K, reserved 1157120K
  class space    used 14165K, capacity 15679K, committed 15744K, reserved 1048576K
}
Event: 3065.431 GC heap before
{Heap before GC invocations=41 (full 6):
 PSYoungGen      total 440832K, used 365178K [0x00000000e0000000, 0x0000000100000000, 0x0000000100000000)
  eden space 362496K, 100% used [0x00000000e0000000,0x00000000f6200000,0x00000000f6200000)
  from space 78336K, 3% used [0x00000000fb380000,0x00000000fb61e960,0x0000000100000000)
  to   space 80896K, 0% used [0x00000000f6200000,0x00000000f6200000,0x00000000fb100000)
 ParOldGen       total 299008K, used 146621K [0x00000000a0000000, 0x00000000b2400000, 0x00000000e0000000)
  object space 299008K, 49% used [0x00000000a0000000,0x00000000a8f2f5e8,0x00000000b2400000)
 Metaspace       used 117019K, capacity 125129K, committed 125400K, reserved 1159168K
  class space    used 14337K, capacity 16104K, committed 16128K, reserved 1048576K
Event: 3065.470 GC heap after
Heap after GC invocations=41 (full 6):
 PSYoungGen      total 390144K, used 27304K [0x00000000e0000000, 0x00000000ff980000, 0x0000000100000000)
  eden space 362496K, 0% used [0x00000000e0000000,0x00000000e0000000,0x00000000f6200000)
  from space 27648K, 98% used [0x00000000f6200000,0x00000000f7caa178,0x00000000f7d00000)
  to   space 76288K, 0% used [0x00000000faf00000,0x00000000faf00000,0x00000000ff980000)
 ParOldGen       total 299008K, used 147787K [0x00000000a0000000, 0x00000000b2400000, 0x00000000e0000000)
  object space 299008K, 49% used [0x00000000a0000000,0x00000000a9052da8,0x00000000b2400000)
 Metaspace       used 117019K, capacity 125129K, committed 125400K, reserved 1159168K
  class space    used 14337K, capacity 16104K, committed 16128K, reserved 1048576K
}

Deoptimization events (10 events):
Event: 3001.469 Thread 0x000000005b1b6000 Uncommon trap: reason=uninitialized action=reinterpret pc=0x0000000005d8111c method=org.codehaus.groovy.reflection.CachedMethod.invoke(Ljava/lang/Object;[Ljava/lang/Object;)Ljava/lang/Object; @ 32
Event: 3001.469 Thread 0x000000005b1b6000 Uncommon trap: reason=unloaded action=reinterpret pc=0x0000000003b54a68 method=org.gradle.internal.event.AbstractBroadcastDispatch.dispatch(Lorg/gradle/internal/dispatch/MethodInvocation;Ljava/util/Iterator;)V @ 118
Event: 3001.600 Thread 0x000000005b1b1800 Uncommon trap: reason=unstable_if action=reinterpret pc=0x0000000003e9a54c method=java.io.ObjectOutputStream$BlockDataOutputStream.writeInt(I)V @ 9
Event: 3075.075 Thread 0x000000005b1b7000 Uncommon trap: reason=uninitialized action=reinterpret pc=0x0000000005ad3dd8 method=org.codehaus.groovy.reflection.CachedMethod.invoke(Ljava/lang/Object;[Ljava/lang/Object;)Ljava/lang/Object; @ 32
Event: 3075.075 Thread 0x000000005b1b7000 Uncommon trap: reason=uninitialized action=reinterpret pc=0x0000000005ad3dd8 method=org.codehaus.groovy.reflection.CachedMethod.invoke(Ljava/lang/Object;[Ljava/lang/Object;)Ljava/lang/Object; @ 32
Event: 3075.075 Thread 0x000000005b1b7000 Uncommon trap: reason=unloaded action=reinterpret pc=0x0000000002f060d8 method=org.gradle.internal.event.AbstractBroadcastDispatch.dispatch(Lorg/gradle/internal/dispatch/MethodInvocation;Ljava/util/Iterator;)V @ 118
Event: 3238.600 Thread 0x000000005b1b8800 Uncommon trap: reason=unstable_if action=reinterpret pc=0x0000000003c909b0 method=java.util.concurrent.locks.AbstractQueuedSynchronizer$ConditionObject.awaitNanos(J)J @ 73
Event: 3334.201 Thread 0x000000005b1b6000 Uncommon trap: reason=class_check action=maybe_recompile pc=0x00000000077ab99c method=java.lang.reflect.Array.newInstance(Ljava/lang/Class;I)Ljava/lang/Object; @ 2
Event: 3334.201 Thread 0x000000005b1b6000 Uncommon trap: reason=class_check action=maybe_recompile pc=0x00000000077ab99c method=java.lang.reflect.Array.newInstance(Ljava/lang/Class;I)Ljava/lang/Object; @ 2
Event: 3346.120 Thread 0x000000005b1b3000 Uncommon trap: reason=unstable_if action=reinterpret pc=0x0000000002a8cf50 method=groovyjarjarasm.asm.Item.a(Lgroovyjarjarasm/asm/Item;)Z @ 331

Classes redefined (0 events):
No events

Internal exceptions (10 events):
Event: 3075.074 Thread 0x000000005b1b7000 Exception <a 'java/lang/ClassNotFoundException': com/android/build/gradle/internal/api/ImmutableFlavorListBeanInfo> (0x00000000e19e58f0) thrown at [D:\src\AOSP-openjdk-cygwin\jdk8u\hotspot\src\share\vm\classfile\systemDictionary.cpp, line 210]
Event: 3075.074 Thread 0x000000005b1b7000 Exception <a 'java/lang/ClassNotFoundException': com/android/build/gradle/internal/api/ImmutableFlavorListCustomizer> (0x00000000e19fe4e0) thrown at [D:\src\AOSP-openjdk-cygwin\jdk8u\hotspot\src\share\vm\classfile\systemDictionary.cpp, line 210]
Event: 3075.075 Thread 0x000000005b1b7000 Exception <a 'java/lang/reflect/InvocationTargetException'> (0x00000000e1a230f0) thrown at [D:\src\AOSP-openjdk-cygwin\jdk8u\hotspot\src\share\vm\runtime\reflection.cpp, line 1092]
Event: 3075.075 Thread 0x000000005b1b7000 Exception <a 'java/lang/reflect/InvocationTargetException'> (0x00000000e1a23aa0) thrown at [D:\src\AOSP-openjdk-cygwin\jdk8u\hotspot\src\share\vm\runtime\reflection.cpp, line 1092]
Event: 3335.629 Thread 0x000000005b1b3000 Exception <a 'java/lang/ClassNotFoundException': ijinit8_2d855d7l6cadw5mluafbkn51tBeanInfo> (0x00000000e2527308) thrown at [D:\src\AOSP-openjdk-cygwin\jdk8u\hotspot\src\share\vm\classfile\systemDictionary.cpp, line 210]
Event: 3335.631 Thread 0x000000005b1b3000 Exception <a 'java/lang/ClassNotFoundException': ijinit8_2d855d7l6cadw5mluafbkn51tCustomizer> (0x00000000e2531618) thrown at [D:\src\AOSP-openjdk-cygwin\jdk8u\hotspot\src\share\vm\classfile\systemDictionary.cpp, line 210]
Event: 3336.166 Thread 0x000000005b1b3000 Exception <a 'java/lang/ClassNotFoundException': ijinit8_2d855d7l6cadw5mluafbkn51tBeanInfo> (0x00000000e269f618) thrown at [D:\src\AOSP-openjdk-cygwin\jdk8u\hotspot\src\share\vm\classfile\systemDictionary.cpp, line 210]
Event: 3336.166 Thread 0x000000005b1b3000 Exception <a 'java/lang/ClassNotFoundException': ijinit8_2d855d7l6cadw5mluafbkn51tCustomizer> (0x00000000e26a9898) thrown at [D:\src\AOSP-openjdk-cygwin\jdk8u\hotspot\src\share\vm\classfile\systemDictionary.cpp, line 210]
Event: 3336.241 Thread 0x000000005b1b3000 Exception <a 'java/lang/ClassNotFoundException': JetGradlePluginBeanInfo> (0x00000000e26dc8e0) thrown at [D:\src\AOSP-openjdk-cygwin\jdk8u\hotspot\src\share\vm\classfile\systemDictionary.cpp, line 210]
Event: 3336.243 Thread 0x000000005b1b3000 Exception <a 'java/lang/ClassNotFoundException': JetGradlePluginCustomizer> (0x00000000e26e50d0) thrown at [D:\src\AOSP-openjdk-cygwin\jdk8u\hotspot\src\share\vm\classfile\systemDictionary.cpp, line 210]

Events (10 events):
Event: 3345.776 Thread 0x0000000057472000 flushing nmethod 0x0000000002c832d0
Event: 3345.779 Thread 0x0000000057472000 flushing nmethod 0x0000000002fd6390
Event: 3345.782 Thread 0x0000000057472000 flushing nmethod 0x0000000003497ed0
Event: 3345.785 Thread 0x0000000057472000 flushing nmethod 0x0000000003818410
Event: 3345.791 Thread 0x0000000057472000 flushing nmethod 0x0000000003e9a310
Event: 3346.090 Thread 0x000000005740b000 flushing nmethod 0x000000000577d1d0
Event: 3346.105 Thread 0x0000000057472000 flushing nmethod 0x0000000006894990
Event: 3346.120 Thread 0x000000005b1b3000 Uncommon trap: trap_request=0xffffff65 fr.pc=0x0000000002a8cf50
Event: 3346.120 Thread 0x000000005b1b3000 DEOPT PACKING pc=0x0000000002a8cf50 sp=0x000000005aabaa60
Event: 3346.120 Thread 0x000000005b1b3000 DEOPT UNPACKING pc=0x00000000023a557b sp=0x000000005aaba9f8 mode 2


Dynamic libraries:
0x000000013f290000 - 0x000000013f2c1000 	D:\Program Files\AndroidStudio\jre\bin\java.exe
0x0000000076e80000 - 0x000000007701f000 	C:\Windows\SYSTEM32\ntdll.dll
0x0000000076d60000 - 0x0000000076e7f000 	C:\Windows\system32\kernel32.dll
0x000007fefcb20000 - 0x000007fefcb8a000 	C:\Windows\system32\KERNELBASE.dll
0x000007fefe3e0000 - 0x000007fefe4bb000 	C:\Windows\system32\ADVAPI32.dll
0x000007fefdde0000 - 0x000007fefde7f000 	C:\Windows\system32\msvcrt.dll
0x000007fefcdd0000 - 0x000007fefcdef000 	C:\Windows\SYSTEM32\sechost.dll
0x000007fefeb60000 - 0x000007fefec8d000 	C:\Windows\system32\RPCRT4.dll
0x0000000076b20000 - 0x0000000076c1a000 	C:\Windows\system32\USER32.dll
0x000007fefde90000 - 0x000007fefdef7000 	C:\Windows\system32\GDI32.dll
0x000007fefde80000 - 0x000007fefde8e000 	C:\Windows\system32\LPK.dll
0x000007fefcf80000 - 0x000007fefd04b000 	C:\Windows\system32\USP10.dll
0x000007fefb110000 - 0x000007fefb304000 	C:\Windows\WinSxS\amd64_microsoft.windows.common-controls_6595b64144ccf1df_6.0.7601.18837_none_fa3b1e3d17594757\COMCTL32.dll
0x000007fefe4c0000 - 0x000007fefe531000 	C:\Windows\system32\SHLWAPI.dll
0x000007fefee20000 - 0x000007fefee4e000 	C:\Windows\system32\IMM32.DLL
0x000007fefed10000 - 0x000007fefee19000 	C:\Windows\system32\MSCTF.dll
0x000000006bb60000 - 0x000000006bc32000 	D:\Program Files\AndroidStudio\jre\jre\bin\msvcr100.dll
0x000000006bc40000 - 0x000000006c47f000 	D:\Program Files\AndroidStudio\jre\jre\bin\server\jvm.dll
0x000007fefb100000 - 0x000007fefb109000 	C:\Windows\system32\WSOCK32.dll
0x000007fefcd80000 - 0x000007fefcdcd000 	C:\Windows\system32\WS2_32.dll
0x000007fefe3d0000 - 0x000007fefe3d8000 	C:\Windows\system32\NSI.dll
0x000007fefcd00000 - 0x000007fefcd3b000 	C:\Windows\system32\WINMM.dll
0x000007fefb9e0000 - 0x000007fefb9ec000 	C:\Windows\system32\VERSION.dll
0x0000000077030000 - 0x0000000077037000 	C:\Windows\system32\PSAPI.DLL
0x000007fefb0f0000 - 0x000007fefb0ff000 	D:\Program Files\AndroidStudio\jre\jre\bin\verify.dll
0x000007fef0460000 - 0x000007fef0489000 	D:\Program Files\AndroidStudio\jre\jre\bin\java.dll
0x000007fef61e0000 - 0x000007fef61f6000 	D:\Program Files\AndroidStudio\jre\jre\bin\zip.dll
0x000007fefd050000 - 0x000007fefddda000 	C:\Windows\system32\SHELL32.dll
0x000007fefe1d0000 - 0x000007fefe3cd000 	C:\Windows\system32\ole32.dll
0x000007fefc930000 - 0x000007fefc93f000 	C:\Windows\system32\profapi.dll
0x000007fef4640000 - 0x000007fef465a000 	D:\Program Files\AndroidStudio\jre\jre\bin\net.dll
0x000007fefc160000 - 0x000007fefc1b5000 	C:\Windows\system32\mswsock.dll
0x000007fefc140000 - 0x000007fefc147000 	C:\Windows\System32\wship6.dll
0x000007feecec0000 - 0x000007feeced1000 	D:\Program Files\AndroidStudio\jre\jre\bin\nio.dll
0x000007feec0f0000 - 0x000007feec10e000 	C:\Users\Administrator\.gradle\native\25\windows-amd64\native-platform.dll
0x000007fef6450000 - 0x000007fef645d000 	D:\Program Files\AndroidStudio\jre\jre\bin\management.dll
0x000007fefc1e0000 - 0x000007fefc1f8000 	C:\Windows\system32\CRYPTSP.dll
0x000007fefbdf0000 - 0x000007fefbe37000 	C:\Windows\system32\rsaenh.dll
0x000007fefcbb0000 - 0x000007fefcbce000 	C:\Windows\system32\USERENV.dll
0x000007fefc7c0000 - 0x000007fefc7cf000 	C:\Windows\system32\CRYPTBASE.dll
0x000007fefa1c0000 - 0x000007fefa1e7000 	C:\Windows\system32\IPHLPAPI.DLL
0x000007fefa1b0000 - 0x000007fefa1bb000 	C:\Windows\system32\WINNSI.DLL
0x000007fef9a10000 - 0x000007fef9a21000 	C:\Windows\system32\dhcpcsvc6.DLL
0x000007fef9a30000 - 0x000007fef9a48000 	C:\Windows\system32\dhcpcsvc.DLL
0x000007fefc720000 - 0x000007fefc777000 	C:\Windows\system32\apphelp.dll
0x000007feec620000 - 0x000007feec7b6000 	D:\Program Files\AndroidStudio\jre\jre\bin\awt.dll
0x000007feff030000 - 0x000007feff10a000 	C:\Windows\system32\OLEAUT32.dll
0x000007feec250000 - 0x000007feec614000 	C:\Windows\system32\d2d1.dll
0x000007fefcc80000 - 0x000007fefcc98000 	C:\Windows\system32\DWMAPI.DLL
0x000007fefa540000 - 0x000007fefa555000 	C:\Windows\system32\NLAapi.dll
0x000007fef62b0000 - 0x000007fef62c5000 	C:\Windows\system32\napinsp.dll
0x000007fef6290000 - 0x000007fef62a9000 	C:\Windows\system32\pnrpnsp.dll
0x000007fefbf10000 - 0x000007fefbf6b000 	C:\Windows\system32\DNSAPI.dll
0x000007fef6280000 - 0x000007fef628b000 	C:\Windows\System32\winrnr.dll
0x000007fefbab0000 - 0x000007fefbab7000 	C:\Windows\System32\wshtcpip.dll
0x000007fef6da0000 - 0x000007fef6da8000 	C:\Windows\system32\rasadhlp.dll
0x000007fef9ad0000 - 0x000007fef9b23000 	C:\Windows\System32\fwpuclnt.dll
0x000007feec110000 - 0x000007feec134000 	D:\Program Files\AndroidStudio\jre\jre\bin\sunec.dll
0x000007fef0360000 - 0x000007fef036b000 	D:\Program Files\AndroidStudio\jre\jre\bin\sunmscapi.dll
0x000007fefc950000 - 0x000007fefcabd000 	C:\Windows\system32\CRYPT32.dll
0x000007fefc920000 - 0x000007fefc92f000 	C:\Windows\system32\MSASN1.dll

VM Arguments:
jvm_args: -Xmx1536m -Dfile.encoding=GBK -Duser.country=CN -Duser.language=zh -Duser.variant 
java_command: org.gradle.launcher.daemon.bootstrap.GradleDaemon 4.4
java_class_path (initial): C:\Users\Administrator\.gradle\wrapper\dists\gradle-4.4-all\9br9xq1tocpiv8o6njlyu5op1\gradle-4.4\lib\gradle-launcher-4.4.jar
Launcher Type: SUN_STANDARD

Environment Variables:
JAVA_HOME=D:\Program Files\JDK
PATH=C:\ProgramData\Oracle\Java\javapath;D:\Program Files\StToolSet\asm;D:\Program Files\JDK\bin;C:\Windows\system32;C:\Windows;C:\Windows\System32\Wbem;D:\AndroidSDK\build-tools;D:\AndroidSDK\platform-tools;C:\Program Files\TortoiseSVN\bin;D:\Program Files\git\Git\cmd
USERNAME=Administrator
OS=Windows_NT
PROCESSOR_IDENTIFIER=Intel64 Family 6 Model 60 Stepping 3, GenuineIntel



---------------  S Y S T E M  ---------------

OS: Windows 7 , 64 bit Build 7601 (6.1.7601.24150)

CPU:total 4 (initial active 4) (2 cores per cpu, 2 threads per core) family 6 model 60 stepping 3, cmov, cx8, fxsr, mmx, sse, sse2, sse3, ssse3, sse4.1, sse4.2, popcnt, avx, avx2, aes, clmul, erms, lzcnt, ht, tsc, tscinvbit, bmi1, bmi2

Memory: 4k page, physical 8273792k(612004k free), swap 8271916k(5268k free)

vm_info: OpenJDK 64-Bit Server VM (25.152-b02) for windows-amd64 JRE (1.8.0_152-release-1024-b02), built by "builder" with MS VC++ 10.0 (VS2010)

time: Wed Jul 11 16:54:06 2018
elapsed time: 3346 seconds (0d 0h 55m 46s)

